Mono path[0] = 'C:/Users/aleyn/devland/300/lab7to9-robot-tournament-main/bobthebuilder/Final Project Testing V2_Data/Managed'
Mono config path = 'C:/Users/aleyn/devland/300/lab7to9-robot-tournament-main/bobthebuilder/MonoBleedingEdge/etc'
Initialize engine version: 2020.3.40f1 (ba48d4efcef1)
[Subsystems] Discovering subsystems at path C:/Users/aleyn/devland/300/lab7to9-robot-tournament-main/bobthebuilder/Final Project Testing V2_Data/UnitySubsystems
GfxDevice: creating device client; threaded=1
Direct3D:
    Version:  Direct3D 11.0 [level 11.1]
    Renderer: NVIDIA GeForce GTX 1660 SUPER (ID=0x21c4)
    Vendor:   
    VRAM:     5980 MB
    Driver:   31.0.15.3623
FMOD failed to initialize any audio devices, running on emulated software output with no sound. Please check your audio drivers and/or hardware for malfunction.
Begin MonoManager ReloadAssembly
- Completed reload, in  1.700 seconds
<RI> Initializing input.
<RI> Input initialized.
<RI> Initialized touch support.
UnloadTime: 1.624300 ms
Fallback handler could not load library C:/Users/aleyn/devland/300/lab7to9-robot-tournament-main/bobthebuilder/Final Project Testing V2_Data/Mono/libcoreclr.so
Fallback handler could not load library C:/Users/aleyn/devland/300/lab7to9-robot-tournament-main/bobthebuilder/Final Project Testing V2_Data/Mono/libcoreclr.so.dll
Fallback handler could not load library C:/Users/aleyn/devland/300/lab7to9-robot-tournament-main/bobthebuilder/Final Project Testing V2_Data/Mono/libcoreclr.so
Failed to load 'libdl', expected x64 architecture, but was Unknown architecture. You must recompile your plugin for x64 architecture.
Fallback handler could not load library C:/Users/aleyn/devland/300/lab7to9-robot-tournament-main/bobthebuilder/Final Project Testing V2_Data/Mono/libdl.so
Fallback handler could not load library C:/Users/aleyn/devland/300/lab7to9-robot-tournament-main/bobthebuilder/Final Project Testing V2_Data/Mono/libdl.so.dll
Fallback handler could not load library C:/Users/aleyn/devland/300/lab7to9-robot-tournament-main/bobthebuilder/Final Project Testing V2_Data/Mono/libdl.so
Fallback handler could not load library C:/Users/aleyn/devland/300/lab7to9-robot-tournament-main/bobthebuilder/Final Project Testing V2_Data/Mono/libSystem.dylib
Fallback handler could not load library C:/Users/aleyn/devland/300/lab7to9-robot-tournament-main/bobthebuilder/Final Project Testing V2_Data/Mono/libSystem.dylib.dll
Fallback handler could not load library C:/Users/aleyn/devland/300/lab7to9-robot-tournament-main/bobthebuilder/Final Project Testing V2_Data/Mono/libSystem.dylib
Fallback handler could not load library C:/Users/aleyn/devland/300/lab7to9-robot-tournament-main/bobthebuilder/Final Project Testing V2_Data/Mono/libcoreclr.so
Fallback handler could not load library C:/Users/aleyn/devland/300/lab7to9-robot-tournament-main/bobthebuilder/Final Project Testing V2_Data/Mono/libcoreclr.so.dll
Fallback handler could not load library C:/Users/aleyn/devland/300/lab7to9-robot-tournament-main/bobthebuilder/Final Project Testing V2_Data/Mono/libcoreclr.so
Failed to load 'libdl', expected x64 architecture, but was Unknown architecture. You must recompile your plugin for x64 architecture.
Fallback handler could not load library C:/Users/aleyn/devland/300/lab7to9-robot-tournament-main/bobthebuilder/Final Project Testing V2_Data/Mono/libdl.so
Fallback handler could not load library C:/Users/aleyn/devland/300/lab7to9-robot-tournament-main/bobthebuilder/Final Project Testing V2_Data/Mono/libdl.so.dll
Fallback handler could not load library C:/Users/aleyn/devland/300/lab7to9-robot-tournament-main/bobthebuilder/Final Project Testing V2_Data/Mono/libdl.so
Fallback handler could not load library C:/Users/aleyn/devland/300/lab7to9-robot-tournament-main/bobthebuilder/Final Project Testing V2_Data/Mono/libSystem.dylib
Fallback handler could not load library C:/Users/aleyn/devland/300/lab7to9-robot-tournament-main/bobthebuilder/Final Project Testing V2_Data/Mono/libSystem.dylib.dll
Fallback handler could not load library C:/Users/aleyn/devland/300/lab7to9-robot-tournament-main/bobthebuilder/Final Project Testing V2_Data/Mono/libSystem.dylib
We have: 0
They have: 0
Winning? Nope!
Stop coming back without balls
We have: 0
They have: 0
Winning? Nope!
Stop coming back without balls
We have: 0
They have: 0
Winning? Nope!
Stop coming back without balls
We have: 0
They have: 0
Winning? Nope!
Stop coming back without balls
We have: 0
They have: 0
Winning? Nope!
Stop coming back without balls
We have: 0
They have: 0
Winning? Nope!
Stop coming back without balls
We have: 0
They have: 0
Winning? Nope!
Stop coming back without balls
We have: 0
They have: 0
Winning? Nope!
Stop coming back without balls
We have: 0
They have: 0
Winning? Nope!
Stop coming back without balls
We have: 0
They have: 0
Winning? Nope!
Stop coming back without balls
We have: 0
They have: 0
Winning? Nope!
Stop coming back without balls
We have: 0
They have: 0
Winning? Nope!
Stop coming back without balls
We have: 0
They have: 0
Winning? Nope!
Stop coming back without balls
We have: 0
They have: 0
Winning? Nope!
Stop coming back without balls
We have: 0
They have: 0
Winning? Nope!
Stop coming back without balls
We have: 0
They have: 0
Winning? Nope!
Stop coming back without balls
We have: 0
They have: 0
Winning? Nope!
Stop coming back without balls
We have: 0
They have: 0
Winning? Nope!
Stop coming back without balls
We have: 0
They have: 0
Winning? Nope!
Stop coming back without balls
Draw!
We have: 0
They have: 0
Winning? Nope!
Stop coming back without balls
We have: 0
They have: 0
Winning? Nope!
Stop coming back without balls
We have: 0
They have: 0
Winning? Nope!
Stop coming back without balls
We have: 0
They have: 0
Winning? Nope!
Stop coming back without balls
We have: 0
They have: 0
Winning? Nope!
Stop coming back without balls
We have: 0
They have: 0
Winning? Nope!
Stop coming back without balls
We have: 0
They have: 0
Winning? Nope!
Stop coming back without balls
Draw!
We have: 0
They have: 0
Winning? Nope!
Stop coming back without balls
We have: 0
They have: 0
Winning? Nope!
Stop coming back without balls
We have: 0
They have: 0
Winning? Nope!
Stop coming back without balls
We have: 0
They have: 0
Winning? Nope!
Stop coming back without balls
We have: 0
They have: 0
Winning? Nope!
Stop coming back without balls
We have: 0
They have: 0
Winning? Nope!
Stop coming back without balls
We have: 0
They have: 0
Winning? Nope!
Stop coming back without balls
We have: 0
They have: 0
Winning? Nope!
Stop coming back without balls
We have: 0
They have: 0
Winning? Nope!
Stop coming back without balls
We have: 0
They have: 0
Winning? Nope!
Stop coming back without balls
Draw!
We have: 0
They have: 0
Winning? Nope!
Stop coming back without balls
We have: 0
They have: 0
Winning? Nope!
Stop coming back without balls
We have: 0
They have: 0
Winning? Nope!
Stop coming back without balls
We have: 0
They have: 0
Winning? Nope!
Stop coming back without balls
We have: 0
They have: 0
Winning? Nope!
Stop coming back without balls
We have: 0
They have: 0
Winning? Nope!
Stop coming back without balls
We have: 0
They have: 0
Winning? Nope!
Stop coming back without balls
We have: 0
They have: 0
Winning? Nope!
Stop coming back without balls
Draw!
Draw!
Draw!
Agent 2 wins by capture
Draw!
Draw!
Agent 2 wins by capture
Agent 2 wins by capture
Agent 2 wins by capture
We have: 0
They have: 1
Winning? Nope!
Stop coming back without balls
Agent 2 wins by capture
Agent 2 wins by carry
Agent 2 wins by carry
Agent 2 wins by capture
Agent 2 wins by carry
Agent 2 wins by carry
Agent 2 wins by capture
Agent 2 wins by carry
Draw!
Agent 2 wins by carry
Draw!
Agent 2 wins by capture
Agent 2 wins by capture
Agent 2 wins by carry
Draw!
Agent 2 wins by capture
Draw!
Agent 2 wins by capture
Draw!
Agent 2 wins by capture
Agent 2 wins by capture
Agent 2 wins by capture
Agent 2 wins by carry
Agent 2 wins by capture
Draw!
Agent 2 wins by capture
Agent 2 wins by capture
Agent 2 wins by capture
Agent 2 wins by capture
Agent 2 wins by capture
We have: 0
They have: 3
Winning? Nope!
Stop coming back without balls
Agent 2 wins by capture
We have: 0
They have: 1
Winning? Nope!
Stop coming back without balls
Agent 2 wins by capture
We have: 0
They have: 0
Winning? Nope!
Stop coming back without balls
We have: 0
They have: 1
Winning? Nope!
Stop coming back without balls
Agent 2 wins by capture
We have: 0
They have: 1
Winning? Nope!
Stop coming back without balls
Agent 2 wins by capture
We have: 0
They have: 0
Winning? Nope!
Stop coming back without balls
Draw!
Agent 2 wins by carry
Agent 2 wins by carry
Agent 2 wins by carry
Agent 2 wins by carry
Agent 2 wins by carry
Agent 2 wins by capture
Agent 2 wins by capture
Agent 2 wins by capture
We have: 0
They have: 0
Winning? Nope!
Stop coming back without balls
We have: 0
They have: 0
Winning? Nope!
Stop coming back without balls
We have: 0
They have: 0
Winning? Nope!
Stop coming back without balls
Agent 2 wins by carry
Agent 2 wins by capture
Agent 2 wins by capture
Agent 2 wins by capture
Agent 2 wins by carry
Agent 2 wins by carry
Agent 2 wins by carry
Agent 2 wins by carry
Agent 2 wins by capture
Agent 2 wins by carry
Agent 2 wins by capture
Agent 2 wins by carry
We have: 0
They have: 0
Winning? Nope!
Stop coming back without balls
Agent 2 wins by carry
Agent 2 wins by carry
Agent 2 wins by carry
Agent 2 wins by carry
Agent 2 wins by capture
Agent 2 wins by carry
Agent 2 wins by carry
Agent 2 wins by carry
Agent 2 wins by capture
Agent 2 wins by carry
Agent 2 wins by carry
Draw!
Draw!
Agent 2 wins by capture
Agent 2 wins by capture
Agent 2 wins by capture
Draw!
Draw!
Agent 2 wins by capture
Agent 2 wins by capture
Draw!
Agent 2 wins by capture
Draw!
Agent 2 wins by carry
Agent 2 wins by capture
Agent 2 wins by carry
Agent 2 wins by carry
Agent 2 wins by carry
Agent 2 wins by carry
Agent 2 wins by carry
Agent 2 wins by carry
Agent 2 wins by capture
Agent 2 wins by carry
Agent 2 wins by capture
Agent 2 wins by carry
Agent 2 wins by carry
Agent 2 wins by carry
Agent 2 wins by carry
Agent 2 wins by carry
Agent 2 wins by carry
Draw!
Agent 2 wins by carry
We have: 0
They have: 0
Winning? Nope!
Stop coming back without balls
We have: 0
They have: 0
Winning? Nope!
Stop coming back without balls
We have: 0
They have: 0
Winning? Nope!
Stop coming back without balls
Agent 2 wins by carry
We have: 0
They have: 0
Winning? Nope!
Stop coming back without balls
We have: 0
They have: 0
Winning? Nope!
Stop coming back without balls
Draw!
We have: 0
They have: 0
Winning? Nope!
Stop coming back without balls
Draw!
We have: 0
They have: 0
Winning? Nope!
Stop coming back without balls
Agent 2 wins by capture
Agent 2 wins by carry
Draw!
Agent 2 wins by carry
We have: 0
They have: 0
Winning? Nope!
Stop coming back without balls
Agent 2 wins by carry
Agent 2 wins by carry
Draw!
Draw!
Agent 2 wins by carry
Draw!
Agent 2 wins by carry
Draw!
Draw!
Draw!
Agent 2 wins by carry
Draw!
Agent 2 wins by carry
Draw!
Draw!
Draw!
Draw!
Draw!
Agent 2 wins by carry
Agent 2 wins by carry
Agent 2 wins by carry
Agent 2 wins by carry
Agent 2 wins by carry
Agent 2 wins by carry
Agent 2 wins by carry
Agent 2 wins by carry
Agent 2 wins by carry
Agent 2 wins by carry
Draw!
Draw!
Agent 2 wins by carry
Draw!
Agent 2 wins by capture
Draw!
Agent 2 wins by carry
Agent 2 wins by carry
Agent 2 wins by carry
Draw!
Draw!
Draw!
Agent 2 wins by carry
Agent 2 wins by carry
Agent 2 wins by carry
Agent 2 wins by carry
Agent 2 wins by carry
Draw!
Agent 2 wins by carry
Agent 2 wins by carry
Agent 2 wins by carry
Agent 2 wins by carry
Agent 2 wins by carry
Agent 2 wins by carry
Agent 2 wins by carry
Agent 2 wins by carry
Agent 2 wins by carry
Agent 2 wins by carry
Agent 2 wins by carry
We have: 0
They have: 0
Winning? Nope!
Stop coming back without balls
Draw!
We have: 0
They have: 0
Winning? Nope!
Stop coming back without balls
Agent 2 wins by carry
We have: 0
They have: 0
Winning? Nope!
Stop coming back without balls
Agent 2 wins by carry
We have: 0
They have: 0
Winning? Nope!
Stop coming back without balls
Agent 2 wins by carry
We have: 0
They have: 0
Winning? Nope!
Stop coming back without balls
Agent 2 wins by carry
Agent 2 wins by carry
Agent 2 wins by carry
Agent 2 wins by carry
Agent 2 wins by carry
Agent 2 wins by carry
We have: 0
They have: 0
Winning? Nope!
Stop coming back without balls
Agent 2 wins by capture
Draw!
Draw!
Draw!
Draw!
Agent 2 wins by carry
Draw!
Draw!
Agent 2 wins by capture
Agent 2 wins by capture
Agent 2 wins by capture
Agent 2 wins by carry
Agent 2 wins by carry
Agent 2 wins by carry
Agent 2 wins by capture
Agent 2 wins by carry
Agent 2 wins by carry
Agent 2 wins by capture
Draw!
Agent 2 wins by capture
Agent 2 wins by carry
Draw!
Draw!
Draw!
Agent 2 wins by carry
Draw!
Agent 2 wins by capture
Agent 2 wins by capture
Agent 2 wins by carry
Draw!
Agent 2 wins by carry
Agent 2 wins by carry
Agent 2 wins by carry
Agent 2 wins by carry
Agent 2 wins by carry
Agent 2 wins by carry
Agent 2 wins by carry
Agent 2 wins by carry
Agent 2 wins by carry
Agent 2 wins by carry
Agent 2 wins by carry
Agent 2 wins by carry
Agent 2 wins by carry
Agent 2 wins by carry
Agent 2 wins by carry
Agent 2 wins by carry
Agent 2 wins by capture
Agent 2 wins by carry
We have: 0
They have: 0
Winning? Nope!
Stop coming back without balls
Agent 2 wins by carry
Agent 2 wins by capture
We have: 0
They have: 0
Winning? Nope!
Stop coming back without balls
Agent 2 wins by carry
Agent 2 wins by carry
Agent 2 wins by carry
Draw!
Agent 2 wins by carry
We have: 0
They have: 0
Winning? Nope!
Stop coming back without balls
Agent 2 wins by carry
Agent 2 wins by carry
Agent 2 wins by carry
Agent 2 wins by capture
We have: 0
They have: 0
Winning? Nope!
Stop coming back without balls
Agent 2 wins by carry
Agent 2 wins by carry
Agent 2 wins by capture
Agent 2 wins by carry
We have: 0
They have: 0
Winning? Nope!
Stop coming back without balls
We have: 0
They have: 0
Winning? Nope!
Stop coming back without balls
Agent 2 wins by carry
We have: 0
They have: 0
Winning? Nope!
Stop coming back without balls
We have: 0
They have: 0
Winning? Nope!
Stop coming back without balls
Agent 2 wins by carry
We have: 0
They have: 0
Winning? Nope!
Stop coming back without balls
Agent 2 wins by carry
Agent 2 wins by carry
We have: 0
They have: 0
Winning? Nope!
Stop coming back without balls
We have: 0
They have: 0
Winning? Nope!
Stop coming back without balls
We have: 0
They have: 0
Winning? Nope!
Stop coming back without balls
Agent 2 wins by carry
We have: 0
They have: 0
Winning? Nope!
Stop coming back without balls
Agent 2 wins by carry
We have: 0
They have: 0
Winning? Nope!
Stop coming back without balls
Agent 2 wins by carry
Agent 2 wins by carry
Agent 2 wins by carry
We have: 0
They have: 0
Winning? Nope!
Stop coming back without balls
Agent 2 wins by carry
Agent 2 wins by carry
We have: 0
They have: 0
Winning? Nope!
Stop coming back without balls
We have: 0
They have: 0
Winning? Nope!
Stop coming back without balls
We have: 0
They have: 0
Winning? Nope!
Stop coming back without balls
We have: 0
They have: 0
Winning? Nope!
Stop coming back without balls
We have: 0
They have: 0
Winning? Nope!
Stop coming back without balls
Agent 2 wins by carry
We have: 0
They have: 0
Winning? Nope!
Stop coming back without balls
Agent 2 wins by carry
Agent 2 wins by carry
Agent 2 wins by carry
Agent 2 wins by carry
Agent 2 wins by carry
Agent 2 wins by capture
Agent 2 wins by carry
Agent 2 wins by carry
Agent 2 wins by capture
Agent 2 wins by capture
Agent 2 wins by capture
Draw!
Agent 2 wins by carry
Draw!
Draw!
Draw!
Draw!
Draw!
Draw!
Draw!
Agent 2 wins by carry
Agent 2 wins by carry
Agent 2 wins by carry
Agent 2 wins by carry
Draw!
Agent 2 wins by carry
Agent 2 wins by carry
Agent 2 wins by carry
Agent 2 wins by capture
Agent 2 wins by carry
Draw!
Draw!
Draw!
Unable to save timers to file C:/Users/aleyn/devland/300/lab7to9-robot-tournament-main/bobthebuilder/Final Project Testing V2_Data\ML-Agents\Timers\AgentTraining_timers.json
Setting up 3 worker threads for Enlighten.
  Thread -> id: 51b8 -> priority: 1 
  Thread -> id: 6818 -> priority: 1 
  Thread -> id: 66cc -> priority: 1 
