Mono path[0] = 'C:/Users/aleyn/devland/300/lab7to9-robot-tournament-main/bobthebuilder/Final Project Testing V2_Data/Managed'
Mono config path = 'C:/Users/aleyn/devland/300/lab7to9-robot-tournament-main/bobthebuilder/MonoBleedingEdge/etc'
Initialize engine version: 2020.3.40f1 (ba48d4efcef1)
[Subsystems] Discovering subsystems at path C:/Users/aleyn/devland/300/lab7to9-robot-tournament-main/bobthebuilder/Final Project Testing V2_Data/UnitySubsystems
GfxDevice: creating device client; threaded=1
Direct3D:
    Version:  Direct3D 11.0 [level 11.1]
    Renderer: NVIDIA GeForce GTX 1660 SUPER (ID=0x21c4)
    Vendor:   
    VRAM:     5980 MB
    Driver:   31.0.15.3623
FMOD failed to initialize any audio devices, running on emulated software output with no sound. Please check your audio drivers and/or hardware for malfunction.
Begin MonoManager ReloadAssembly
- Completed reload, in  0.093 seconds
<RI> Initializing input.
<RI> Input initialized.
<RI> Initialized touch support.
UnloadTime: 0.453300 ms
Fallback handler could not load library C:/Users/aleyn/devland/300/lab7to9-robot-tournament-main/bobthebuilder/Final Project Testing V2_Data/Mono/libcoreclr.so
Fallback handler could not load library C:/Users/aleyn/devland/300/lab7to9-robot-tournament-main/bobthebuilder/Final Project Testing V2_Data/Mono/libcoreclr.so.dll
Fallback handler could not load library C:/Users/aleyn/devland/300/lab7to9-robot-tournament-main/bobthebuilder/Final Project Testing V2_Data/Mono/libcoreclr.so
Failed to load 'libdl', expected x64 architecture, but was Unknown architecture. You must recompile your plugin for x64 architecture.
Fallback handler could not load library C:/Users/aleyn/devland/300/lab7to9-robot-tournament-main/bobthebuilder/Final Project Testing V2_Data/Mono/libdl.so
Fallback handler could not load library C:/Users/aleyn/devland/300/lab7to9-robot-tournament-main/bobthebuilder/Final Project Testing V2_Data/Mono/libdl.so.dll
Fallback handler could not load library C:/Users/aleyn/devland/300/lab7to9-robot-tournament-main/bobthebuilder/Final Project Testing V2_Data/Mono/libdl.so
Fallback handler could not load library C:/Users/aleyn/devland/300/lab7to9-robot-tournament-main/bobthebuilder/Final Project Testing V2_Data/Mono/libSystem.dylib
Fallback handler could not load library C:/Users/aleyn/devland/300/lab7to9-robot-tournament-main/bobthebuilder/Final Project Testing V2_Data/Mono/libSystem.dylib.dll
Fallback handler could not load library C:/Users/aleyn/devland/300/lab7to9-robot-tournament-main/bobthebuilder/Final Project Testing V2_Data/Mono/libSystem.dylib
Fallback handler could not load library C:/Users/aleyn/devland/300/lab7to9-robot-tournament-main/bobthebuilder/Final Project Testing V2_Data/Mono/libcoreclr.so
Fallback handler could not load library C:/Users/aleyn/devland/300/lab7to9-robot-tournament-main/bobthebuilder/Final Project Testing V2_Data/Mono/libcoreclr.so.dll
Fallback handler could not load library C:/Users/aleyn/devland/300/lab7to9-robot-tournament-main/bobthebuilder/Final Project Testing V2_Data/Mono/libcoreclr.so
Failed to load 'libdl', expected x64 architecture, but was Unknown architecture. You must recompile your plugin for x64 architecture.
Fallback handler could not load library C:/Users/aleyn/devland/300/lab7to9-robot-tournament-main/bobthebuilder/Final Project Testing V2_Data/Mono/libdl.so
Fallback handler could not load library C:/Users/aleyn/devland/300/lab7to9-robot-tournament-main/bobthebuilder/Final Project Testing V2_Data/Mono/libdl.so.dll
Fallback handler could not load library C:/Users/aleyn/devland/300/lab7to9-robot-tournament-main/bobthebuilder/Final Project Testing V2_Data/Mono/libdl.so
Fallback handler could not load library C:/Users/aleyn/devland/300/lab7to9-robot-tournament-main/bobthebuilder/Final Project Testing V2_Data/Mono/libSystem.dylib
Fallback handler could not load library C:/Users/aleyn/devland/300/lab7to9-robot-tournament-main/bobthebuilder/Final Project Testing V2_Data/Mono/libSystem.dylib.dll
Fallback handler could not load library C:/Users/aleyn/devland/300/lab7to9-robot-tournament-main/bobthebuilder/Final Project Testing V2_Data/Mono/libSystem.dylib
Setting up 3 worker threads for Enlighten.
  Thread -> id: 4794 -> priority: 1 
  Thread -> id: 63a8 -> priority: 1 
  Thread -> id: 6824 -> priority: 1 
NullReferenceException: Object reference not set to an instance of an object
  at Catacomb.CollectObservations (Unity.MLAgents.Sensors.VectorSensor sensor) [0x00078] in <1e94ee98a1b547378955a3686cf7853d>:0 
  at Unity.MLAgents.Agent.NotifyAgentDone (Unity.MLAgents.Agent+DoneReason doneReason) [0x0008c] in <717a9d5442e84c6bbb747138b5b9808d>:0 
  at Unity.MLAgents.Agent.OnDisable () [0x00080] in <717a9d5442e84c6bbb747138b5b9808d>:0 

NullReferenceException
  at (wrapper managed-to-native) UnityEngine.GameObject.GetComponentFastPath(UnityEngine.GameObject,System.Type,intptr)
  at UnityEngine.GameObject.GetComponent[T] () [0x00021] in <750120c8d879499baccadf788afecc5f>:0 
  at TA_Example_1.CollectObservations (Unity.MLAgents.Sensors.VectorSensor sensor) [0x0002f] in <1e94ee98a1b547378955a3686cf7853d>:0 
  at Unity.MLAgents.Agent.NotifyAgentDone (Unity.MLAgents.Agent+DoneReason doneReason) [0x0008c] in <717a9d5442e84c6bbb747138b5b9808d>:0 
  at Unity.MLAgents.Agent.OnDisable () [0x00080] in <717a9d5442e84c6bbb747138b5b9808d>:0 

